[10] 
[10]                             < M A T L A B (R) >
[10]                   Copyright 1984-2018 The MathWorks, Inc.
[10]                    R2018a (9.4.0.813654) 64-bit (glnxa64)
[10]                              February 23, 2018
[10] 
[11] 
[11]                             < M A T L A B (R) >
[11]                   Copyright 1984-2018 The MathWorks, Inc.
[11]                    R2018a (9.4.0.813654) 64-bit (glnxa64)
[11]                              February 23, 2018
[11] 
[9] 
[9]                             < M A T L A B (R) >
[9]                   Copyright 1984-2018 The MathWorks, Inc.
[9]                    R2018a (9.4.0.813654) 64-bit (glnxa64)
[9]                              February 23, 2018
[9] 
[8] 
[8]                             < M A T L A B (R) >
[8]                   Copyright 1984-2018 The MathWorks, Inc.
[8]                    R2018a (9.4.0.813654) 64-bit (glnxa64)
[8]                              February 23, 2018
[8] 
[7] 
[7]                             < M A T L A B (R) >
[7]                   Copyright 1984-2018 The MathWorks, Inc.
[7]                    R2018a (9.4.0.813654) 64-bit (glnxa64)
[7]                              February 23, 2018
[7] 
[6] 
[6]                             < M A T L A B (R) >
[6]                   Copyright 1984-2018 The MathWorks, Inc.
[6]                    R2018a (9.4.0.813654) 64-bit (glnxa64)
[6]                              February 23, 2018
[6] 
[5] 
[5]                             < M A T L A B (R) >
[5]                   Copyright 1984-2018 The MathWorks, Inc.
[5]                    R2018a (9.4.0.813654) 64-bit (glnxa64)
[5]                              February 23, 2018
[5] 
[4] 
[4]                             < M A T L A B (R) >
[4]                   Copyright 1984-2018 The MathWorks, Inc.
[4]                    R2018a (9.4.0.813654) 64-bit (glnxa64)
[4]                              February 23, 2018
[4] 
[3] 
[3]                             < M A T L A B (R) >
[3]                   Copyright 1984-2018 The MathWorks, Inc.
[3]                    R2018a (9.4.0.813654) 64-bit (glnxa64)
[3]                              February 23, 2018
[3] 
[2] 
[2]                             < M A T L A B (R) >
[2]                   Copyright 1984-2018 The MathWorks, Inc.
[2]                    R2018a (9.4.0.813654) 64-bit (glnxa64)
[2]                              February 23, 2018
[2] 
[0] 
[0]                             < M A T L A B (R) >
[0]                   Copyright 1984-2018 The MathWorks, Inc.
[0]                    R2018a (9.4.0.813654) 64-bit (glnxa64)
[0]                              February 23, 2018
[0] 
[1] 
[1]                             < M A T L A B (R) >
[1]                   Copyright 1984-2018 The MathWorks, Inc.
[1]                    R2018a (9.4.0.813654) 64-bit (glnxa64)
[1]                              February 23, 2018
[1] 
[13] 
[13]                             < M A T L A B (R) >
[13]                   Copyright 1984-2018 The MathWorks, Inc.
[13]                    R2018a (9.4.0.813654) 64-bit (glnxa64)
[13]                              February 23, 2018
[13] 
[14] 
[14]                             < M A T L A B (R) >
[14]                   Copyright 1984-2018 The MathWorks, Inc.
[14]                    R2018a (9.4.0.813654) 64-bit (glnxa64)
[14]                              February 23, 2018
[14] 
[12] 
[12]                             < M A T L A B (R) >
[12]                   Copyright 1984-2018 The MathWorks, Inc.
[12]                    R2018a (9.4.0.813654) 64-bit (glnxa64)
[12]                              February 23, 2018
[12] 
[7]  
[7] To get started, type one of these: helpwin, helpdesk, or demo.
[7] For product information, visit www.mathworks.com.
[7]  
[14]  
[14] To get started, type one of these: helpwin, helpdesk, or demo.
[14] For product information, visit www.mathworks.com.
[14]  
[11]  
[11] To get started, type one of these: helpwin, helpdesk, or demo.
[11] For product information, visit www.mathworks.com.
[11]  
[8]  
[8] To get started, type one of these: helpwin, helpdesk, or demo.
[8] For product information, visit www.mathworks.com.
[8]  
[13]  
[9]  
[9] To get started, type one of these: helpwin, helpdesk, or demo.
[9] For product information, visit www.mathworks.com.
[9]  
[6]  
[6] To get started, type one of these: helpwin, helpdesk, or demo.
[4]  
[4] To get started, type one of these: helpwin, helpdesk, or demo.
[4] For product information, visit www.mathworks.com.
[4]  
[2]  
[2] To get started, type one of these: helpwin, helpdesk, or demo.
[2] For product information, visit www.mathworks.com.
[2]  
[0]  
[0] To get started, type one of these: helpwin, helpdesk, or demo.
[0] For product information, visit www.mathworks.com.
[0]  
[13] To get started, type one of these: helpwin, helpdesk, or demo.
[13] For product information, visit www.mathworks.com.
[13]  
[6] For product information, visit www.mathworks.com.
[6]  
[10]  
[10] To get started, type one of these: helpwin, helpdesk, or demo.
[10] For product information, visit www.mathworks.com.
[10]  
[3]  
[3] To get started, type one of these: helpwin, helpdesk, or demo.
[3] For product information, visit www.mathworks.com.
[3]  
[1]  
[1] To get started, type one of these: helpwin, helpdesk, or demo.
[1] For product information, visit www.mathworks.com.
[1]  
[5]  
[5] To get started, type one of these: helpwin, helpdesk, or demo.
[5] For product information, visit www.mathworks.com.
[5]  
[12]  
[12] To get started, type one of these: helpwin, helpdesk, or demo.
[12] For product information, visit www.mathworks.com.
[12]  
