
vbSPT, VB3_HMManalysis, Copyright (C) 2012 Martin Lindén and Fredrik Persson 
v 1.1.2, Martin Lindén 2014, v 1.1.3, Martin Lindén 2015.

This program comes with ABSOLUTELY NO WARRANTY. 
This is free software, and you are welcome to redistribute it 
under certain conditions. See license.txt for details. 

Additional permission under GNU GPL version 3 section 7 

If you modify this Program, or any covered work, by linking or combining it 
with Matlab or any Matlab toolbox, the licensors of this Program grant you 
additional permission to convey the resulting work. 

----------
15-Dec-2020 21:23:18 : Starting greedy optimization to find best model.
jobID        : Data from bin_01.mat :: vbspt_tracks :: 20201215
runinput file: C:\Users\mike\Documents\GitHub\binder-tag\initial_review\CAtagSrc_vs_Binder_analysis\20201212\diffusional_dynamics\runinput_files\runinput_20201215_bin_01_hidden_2.m
input  file  : ../vbspt_source/bin_01.mat
trj field    : vbspt_tracks
output file  : .\bin_01_HMManalysis_hidden2.mat
log file     : .\bin_01_HMManalysis_hidden2.log
----------
Read options structure based on runinput file C:\Users\mike\Documents\GitHub\binder-tag\initial_review\CAtagSrc_vs_Binder_analysis\20201212\diffusional_dynamics\runinput_files\runinput_20201215_bin_01_hidden_2.m
Iter 25. Adding 15529 extra transitions to final model helped : dF/|F| = 1.0855e-08, time : 0.078855 s.
Iter 25. Finished greedy search in 2.4507 s, with 2 states.
Iter 24. Adding 15543 extra transitions to final model helped : dF/|F| = 9.3185e-09, time : 0.075215 s.
Iter 24. Finished greedy search in 0.78449 s, with 2 states.
Iter 23. Adding 15529 extra transitions to final model helped : dF/|F| = 1.0766e-08, time : 0.060593 s.
Iter 23. Finished greedy search in 1.0239 s, with 2 states.
Iter 22. Adding 15529 extra transitions to final model helped : dF/|F| = 9.7931e-09, time : 0.059691 s.
Iter 22. Finished greedy search in 0.66362 s, with 2 states.
Iter 21. Adding 15543 extra transitions to final model helped : dF/|F| = 9.4728e-09, time : 0.064345 s.
Iter 21. Finished greedy search in 0.84301 s, with 2 states.
Iter 20. Adding 15529 extra transitions to final model helped : dF/|F| = 1.1921e-08, time : 0.060831 s.
Iter 20. Finished greedy search in 1.0919 s, with 2 states.
Iter 19. Adding 15529 extra transitions to final model helped : dF/|F| = 1.2461e-08, time : 0.069221 s.
Iter 19. Finished greedy search in 1.086 s, with 2 states.
Iter 18. Adding 15544 extra transitions to final model helped : dF/|F| = 1.1331e-08, time : 0.061103 s.
Iter 18. Finished greedy search in 0.99211 s, with 2 states.
Iter 17. Adding 15530 extra transitions to final model helped : dF/|F| = 9.4133e-09, time : 0.081135 s.
Iter 17. Finished greedy search in 0.64474 s, with 2 states.
Iter 16. Adding 15529 extra transitions to final model helped : dF/|F| = 1.2344e-08, time : 0.067415 s.
Iter 16. Finished greedy search in 1.1979 s, with 2 states.
Iter 15. Adding 15529 extra transitions to final model helped : dF/|F| = 1.0693e-08, time : 0.094729 s.
Iter 15. Finished greedy search in 1.138 s, with 2 states.
Iter 14. Adding 15544 extra transitions to final model helped : dF/|F| = 1.0857e-08, time : 0.069634 s.
Iter 14. Finished greedy search in 1.1663 s, with 2 states.
Iter 13. Adding 15544 extra transitions to final model helped : dF/|F| = 1.0525e-08, time : 0.063705 s.
Iter 13. Finished greedy search in 1.0372 s, with 2 states.
Iter 12. Adding 15543 extra transitions to final model helped : dF/|F| = 1.0036e-08, time : 0.069032 s.
Iter 12. Finished greedy search in 1.0237 s, with 2 states.
Iter 11. Adding 15529 extra transitions to final model helped : dF/|F| = 1.0063e-08, time : 0.061514 s.
Iter 11. Finished greedy search in 1.0763 s, with 2 states.
Iter 10. Adding 15544 extra transitions to final model helped : dF/|F| = 1.0265e-08, time : 0.061398 s.
Iter 10. Finished greedy search in 0.95663 s, with 2 states.
Iter 9. Adding 15529 extra transitions to final model helped : dF/|F| = 1.2158e-08, time : 0.059143 s.
Iter 9. Finished greedy search in 1.0784 s, with 2 states.
Iter 8. Adding 15544 extra transitions to final model helped : dF/|F| = 1.0657e-08, time : 0.055479 s.
Iter 8. Finished greedy search in 1.0029 s, with 2 states.
Iter 7. Adding 15530 extra transitions to final model helped : dF/|F| = 9.3368e-09, time : 0.059771 s.
Iter 7. Finished greedy search in 0.9612 s, with 2 states.
Iter 6. Adding 15529 extra transitions to final model helped : dF/|F| = 1.1362e-08, time : 0.056683 s.
Iter 6. Finished greedy search in 1.0408 s, with 2 states.
Iter 5. Adding 15529 extra transitions to final model helped : dF/|F| = 1.2443e-08, time : 0.063489 s.
Iter 5. Finished greedy search in 1.0304 s, with 2 states.
Iter 4. Adding 15530 extra transitions to final model helped : dF/|F| = 9.2699e-09, time : 0.06261 s.
Iter 4. Finished greedy search in 1.0987 s, with 2 states.
Iter 3. Adding 15529 extra transitions to final model helped : dF/|F| = 9.945e-09, time : 0.062345 s.
Iter 3. Finished greedy search in 0.91711 s, with 2 states.
Iter 2. Adding 15529 extra transitions to final model helped : dF/|F| = 1.1722e-08, time : 0.06661 s.
Iter 2. Finished greedy search in 0.91914 s, with 2 states.
Iter 1. Adding 15529 extra transitions to final model helped : dF/|F| = 9.8398e-09, time : 0.065564 s.
Iter 1. Finished greedy search in 0.92907 s, with 2 states.
Sorting and regenerating best model and estimates
 N     it   dF/|F|   d<p>/p   p 
02     2  2.83e-09 1.94e-04  M.c , F : 5.900e+05 
Converged normally after 2 iterations, relTolF = 1e-08, tolPar = 0.01, (M.c limiting). 
 N     it   dF/|F|   d<p>/p   p 
01     2  0.00e+00 0.00e+00  M.wPi , F : 5.522e+05 
Converged normally after 2 iterations, relTolF = 1e-08, tolPar = 0.01, (M.wPi limiting). 
Best model size: 2, from iteration 4.
Saving .\bin_01_HMManalysis_hidden2.mat after 0.48078 min.
Read options structure based on runinput file C:\Users\mike\Documents\GitHub\binder-tag\initial_review\CAtagSrc_vs_Binder_analysis\20201212\diffusional_dynamics\runinput_files\runinput_20201215_bin_01_hidden_2.m
Read options structure based on runinput file C:\Users\mike\Documents\GitHub\binder-tag\initial_review\CAtagSrc_vs_Binder_analysis\20201212\diffusional_dynamics\runinput_files\runinput_20201215_bin_01_hidden_2.m
jobID: Data from bin_01.mat :: vbspt_tracks :: 20201215
Starting bootstrapping...
----------
bootstrap : 100 resampling in 34.0698 s.
Bootstrapping the 1 state model of 2.
bootstrap : 100 resampling in 10.9025 s.
Bootstrapping the 2 state model of 2.
Finished C:\Users\mike\Documents\GitHub\binder-tag\initial_review\CAtagSrc_vs_Binder_analysis\20201212\diffusional_dynamics\runinput_files\runinput_20201215_bin_01_hidden_2.m bootstrapping in 0.77006 min.
15-Dec-2020 21:24:34 : Finished C:\Users\mike\Documents\GitHub\binder-tag\initial_review\CAtagSrc_vs_Binder_analysis\20201212\diffusional_dynamics\runinput_files\runinput_20201215_bin_01_hidden_2.m. Total run time 1.2802 min.
