
vbSPT, VB3_HMManalysis, Copyright (C) 2012 Martin Lindén and Fredrik Persson 
v 1.1.2, Martin Lindén 2014, v 1.1.3, Martin Lindén 2015.

This program comes with ABSOLUTELY NO WARRANTY. 
This is free software, and you are welcome to redistribute it 
under certain conditions. See license.txt for details. 

Additional permission under GNU GPL version 3 section 7 

If you modify this Program, or any covered work, by linking or combining it 
with Matlab or any Matlab toolbox, the licensors of this Program grant you 
additional permission to convey the resulting work. 

----------
15-Dec-2020 21:32:10 : Starting greedy optimization to find best model.
jobID        : Data from bin_10.mat :: vbspt_tracks :: 20201215
runinput file: C:\Users\mike\Documents\GitHub\binder-tag\initial_review\CAtagSrc_vs_Binder_analysis\20201212\diffusional_dynamics\runinput_files\runinput_20201215_bin_10_hidden_2.m
input  file  : ../vbspt_source/bin_10.mat
trj field    : vbspt_tracks
output file  : .\bin_10_HMManalysis_hidden2.mat
log file     : .\bin_10_HMManalysis_hidden2.log
----------
Read options structure based on runinput file C:\Users\mike\Documents\GitHub\binder-tag\initial_review\CAtagSrc_vs_Binder_analysis\20201212\diffusional_dynamics\runinput_files\runinput_20201215_bin_10_hidden_2.m
Iter 25. Adding 20410 extra transitions to final model helped : dF/|F| = 1.2128e-08, time : 0.097898 s.
Iter 25. Finished greedy search in 1.3916 s, with 2 states.
Iter 24. Adding 20430 extra transitions to final model helped : dF/|F| = 1.2633e-08, time : 0.086228 s.
Iter 24. Finished greedy search in 1.5274 s, with 2 states.
Iter 23. Adding 20430 extra transitions to final model helped : dF/|F| = 1.2164e-08, time : 0.085184 s.
Iter 23. Finished greedy search in 1.4454 s, with 2 states.
Iter 22. Adding 20411 extra transitions to final model helped : dF/|F| = 9.8651e-09, time : 0.08624 s.
Iter 22. Finished greedy search in 1.4968 s, with 2 states.
Iter 21. Adding 20410 extra transitions to final model helped : dF/|F| = 1.2001e-08, time : 0.09332 s.
Iter 21. Finished greedy search in 1.2742 s, with 2 states.
Iter 20. Adding 20411 extra transitions to final model helped : dF/|F| = 9.7185e-09, time : 0.084195 s.
Iter 20. Finished greedy search in 1.4754 s, with 2 states.
Iter 19. Adding 20409 extra transitions to final model helped : dF/|F| = 1.2618e-08, time : 0.085197 s.
Iter 19. Finished greedy search in 1.4323 s, with 2 states.
Iter 18. Adding 20429 extra transitions to final model helped : dF/|F| = 1.0833e-08, time : 0.083555 s.
Iter 18. Finished greedy search in 1.5544 s, with 2 states.
Iter 17. Adding 20410 extra transitions to final model helped : dF/|F| = 9.9997e-09, time : 0.090659 s.
Iter 17. Finished greedy search in 1.5176 s, with 2 states.
Iter 16. Adding 20429 extra transitions to final model helped : dF/|F| = 1.0792e-08, time : 0.084115 s.
Iter 16. Finished greedy search in 1.5642 s, with 2 states.
Iter 15. Adding 20430 extra transitions to final model helped : dF/|F| = 1.2728e-08, time : 0.077737 s.
Iter 15. Finished greedy search in 1.3808 s, with 2 states.
Iter 14. Adding 20410 extra transitions to final model helped : dF/|F| = 1.2143e-08, time : 0.088769 s.
Iter 14. Finished greedy search in 1.4321 s, with 2 states.
Iter 13. Adding 20429 extra transitions to final model helped : dF/|F| = 1.0988e-08, time : 0.085192 s.
Iter 13. Finished greedy search in 1.2463 s, with 2 states.
Iter 12. Adding 20410 extra transitions to final model helped : dF/|F| = 1.0867e-08, time : 0.085399 s.
Iter 12. Finished greedy search in 1.4834 s, with 2 states.
Iter 11. Adding 20430 extra transitions to final model helped : dF/|F| = 1.2094e-08, time : 0.083364 s.
Iter 11. Finished greedy search in 0.82032 s, with 2 states.
Iter 10. Adding 20429 extra transitions to final model helped : dF/|F| = 1.1368e-08, time : 0.086297 s.
Iter 10. Finished greedy search in 1.6267 s, with 2 states.
Iter 9. Adding 20410 extra transitions to final model helped : dF/|F| = 1.0859e-08, time : 0.094686 s.
Iter 9. Finished greedy search in 0.98438 s, with 2 states.
Iter 8. Adding 20411 extra transitions to final model helped : dF/|F| = 9.7958e-09, time : 0.080898 s.
Iter 8. Finished greedy search in 1.5293 s, with 2 states.
Iter 7. Adding 20430 extra transitions to final model helped : dF/|F| = 1.1764e-08, time : 0.081194 s.
Iter 7. Finished greedy search in 1.2891 s, with 2 states.
Iter 6. Adding 20429 extra transitions to final model helped : dF/|F| = 1.0264e-08, time : 0.091819 s.
Iter 6. Finished greedy search in 1.5324 s, with 2 states.
Iter 5. Adding 20429 extra transitions to final model helped : dF/|F| = 1.1569e-08, time : 0.075118 s.
Iter 5. Finished greedy search in 1.3905 s, with 2 states.
Iter 4. Adding 20430 extra transitions to final model helped : dF/|F| = 1.283e-08, time : 0.084891 s.
Iter 4. Finished greedy search in 1.4971 s, with 2 states.
Iter 3. Adding 20411 extra transitions to final model helped : dF/|F| = 9.8408e-09, time : 0.078557 s.
Iter 3. Finished greedy search in 1.4562 s, with 2 states.
Iter 2. Adding 20410 extra transitions to final model helped : dF/|F| = 1.0103e-08, time : 0.081501 s.
Iter 2. Finished greedy search in 1.5854 s, with 2 states.
Iter 1. Adding 20410 extra transitions to final model helped : dF/|F| = 1.1395e-08, time : 0.090059 s.
Iter 1. Finished greedy search in 1.4452 s, with 2 states.
Sorting and regenerating best model and estimates
 N     it   dF/|F|   d<p>/p   p 
02     2  3.07e-09 2.19e-04  M.c , F : 8.162e+05 
Converged normally after 2 iterations, relTolF = 1e-08, tolPar = 0.01, (M.c limiting). 
 N     it   dF/|F|   d<p>/p   p 
01     2  0.00e+00 0.00e+00  M.wPi , F : 7.634e+05 
Converged normally after 2 iterations, relTolF = 1e-08, tolPar = 0.01, (M.wPi limiting). 
Best model size: 2, from iteration 20.
Saving .\bin_10_HMManalysis_hidden2.mat after 0.62333 min.
Read options structure based on runinput file C:\Users\mike\Documents\GitHub\binder-tag\initial_review\CAtagSrc_vs_Binder_analysis\20201212\diffusional_dynamics\runinput_files\runinput_20201215_bin_10_hidden_2.m
Read options structure based on runinput file C:\Users\mike\Documents\GitHub\binder-tag\initial_review\CAtagSrc_vs_Binder_analysis\20201212\diffusional_dynamics\runinput_files\runinput_20201215_bin_10_hidden_2.m
jobID: Data from bin_10.mat :: vbspt_tracks :: 20201215
Starting bootstrapping...
----------
bootstrap : 100 resampling in 45.8015 s.
Bootstrapping the 1 state model of 2.
bootstrap : 100 resampling in 12.2759 s.
Bootstrapping the 2 state model of 2.
Finished C:\Users\mike\Documents\GitHub\binder-tag\initial_review\CAtagSrc_vs_Binder_analysis\20201212\diffusional_dynamics\runinput_files\runinput_20201215_bin_10_hidden_2.m bootstrapping in 0.98531 min.
15-Dec-2020 21:33:49 : Finished C:\Users\mike\Documents\GitHub\binder-tag\initial_review\CAtagSrc_vs_Binder_analysis\20201212\diffusional_dynamics\runinput_files\runinput_20201215_bin_10_hidden_2.m. Total run time 1.647 min.
