
vbSPT, VB3_HMManalysis, Copyright (C) 2012 Martin Lindén and Fredrik Persson 
v 1.1.2, Martin Lindén 2014, v 1.1.3, Martin Lindén 2015.

This program comes with ABSOLUTELY NO WARRANTY. 
This is free software, and you are welcome to redistribute it 
under certain conditions. See license.txt for details. 

Additional permission under GNU GPL version 3 section 7 

If you modify this Program, or any covered work, by linking or combining it 
with Matlab or any Matlab toolbox, the licensors of this Program grant you 
additional permission to convey the resulting work. 

----------
15-Dec-2020 22:02:40 : Starting greedy optimization to find best model.
jobID        : Data from tag_14.mat :: vbspt_tracks :: 20201215
runinput file: C:\Users\mike\Documents\GitHub\binder-tag\initial_review\CAtagSrc_vs_Binder_analysis\20201212\diffusional_dynamics\runinput_files\runinput_20201215_tag_14_hidden_2.m
input  file  : ../vbspt_source/tag_14.mat
trj field    : vbspt_tracks
output file  : .\tag_14_HMManalysis_hidden2.mat
log file     : .\tag_14_HMManalysis_hidden2.log
----------
Read options structure based on runinput file C:\Users\mike\Documents\GitHub\binder-tag\initial_review\CAtagSrc_vs_Binder_analysis\20201212\diffusional_dynamics\runinput_files\runinput_20201215_tag_14_hidden_2.m
Iter 25. Adding 36662 extra transitions to final model helped : dF/|F| = 6.1419e-09, time : 0.093984 s.
Iter 25. Finished greedy search in 2.7396 s, with 2 states.
Iter 24. Adding 36662 extra transitions to final model helped : dF/|F| = 6.2518e-09, time : 0.11373 s.
Iter 24. Finished greedy search in 3.2016 s, with 2 states.
Iter 23. Adding 36630 extra transitions to final model helped : dF/|F| = 7.3322e-09, time : 0.12586 s.
Iter 23. Finished greedy search in 3.1281 s, with 2 states.
Iter 22. Adding 36630 extra transitions to final model helped : dF/|F| = 7.0693e-09, time : 0.12317 s.
Iter 22. Finished greedy search in 2.4414 s, with 2 states.
Iter 21. Adding 36661 extra transitions to final model helped : dF/|F| = 5.7813e-09, time : 0.12365 s.
Iter 21. Finished greedy search in 3.1724 s, with 2 states.
Iter 20. Adding 36661 extra transitions to final model helped : dF/|F| = 5.7397e-09, time : 0.12106 s.
Iter 20. Finished greedy search in 3.2993 s, with 2 states.
Iter 19. Adding 36630 extra transitions to final model helped : dF/|F| = 7.3906e-09, time : 0.1072 s.
Iter 19. Finished greedy search in 3.0255 s, with 2 states.
Iter 18. Adding 36661 extra transitions to final model helped : dF/|F| = 5.9887e-09, time : 0.11292 s.
Iter 18. Finished greedy search in 2.9457 s, with 2 states.
Iter 17. Adding 36630 extra transitions to final model helped : dF/|F| = 6.9304e-09, time : 0.14882 s.
Iter 17. Finished greedy search in 2.9073 s, with 2 states.
Iter 16. Adding 36663 extra transitions to final model helped : dF/|F| = 7.353e-09, time : 0.12039 s.
Iter 16. Finished greedy search in 3.1222 s, with 2 states.
Iter 15. Adding 36632 extra transitions to final model helped : dF/|F| = 5.7207e-09, time : 0.12133 s.
Iter 15. Finished greedy search in 2.9065 s, with 2 states.
Iter 14. Adding 36662 extra transitions to final model helped : dF/|F| = 6.4223e-09, time : 0.11571 s.
Iter 14. Finished greedy search in 2.4343 s, with 2 states.
Iter 13. Adding 36630 extra transitions to final model helped : dF/|F| = 6.8923e-09, time : 0.12312 s.
Iter 13. Finished greedy search in 3.0572 s, with 2 states.
Iter 12. Adding 36630 extra transitions to final model helped : dF/|F| = 7.4388e-09, time : 0.1203 s.
Iter 12. Finished greedy search in 2.6214 s, with 2 states.
Iter 11. Adding 36631 extra transitions to final model helped : dF/|F| = 6.2751e-09, time : 0.12047 s.
Iter 11. Finished greedy search in 3.1283 s, with 2 states.
Iter 10. Adding 36631 extra transitions to final model helped : dF/|F| = 6.4178e-09, time : 0.1238 s.
Iter 10. Finished greedy search in 3.0352 s, with 2 states.
Iter 9. Adding 36662 extra transitions to final model helped : dF/|F| = 6.2796e-09, time : 0.12188 s.
Iter 9. Finished greedy search in 1.9479 s, with 2 states.
Iter 8. Adding 36663 extra transitions to final model helped : dF/|F| = 7.1219e-09, time : 0.11918 s.
Iter 8. Finished greedy search in 2.7987 s, with 2 states.
Iter 7. Adding 36630 extra transitions to final model helped : dF/|F| = 7.3579e-09, time : 0.10357 s.
Iter 7. Finished greedy search in 3.0123 s, with 2 states.
Iter 6. Adding 36663 extra transitions to final model helped : dF/|F| = 7.0448e-09, time : 0.12594 s.
Iter 6. Finished greedy search in 2.8333 s, with 2 states.
Iter 5. Adding 36662 extra transitions to final model helped : dF/|F| = 6.1148e-09, time : 0.11406 s.
Iter 5. Finished greedy search in 2.8819 s, with 2 states.
Iter 4. Adding 36663 extra transitions to final model helped : dF/|F| = 7.0849e-09, time : 0.11417 s.
Iter 4. Finished greedy search in 3.2218 s, with 2 states.
Iter 3. Adding 36661 extra transitions to final model helped : dF/|F| = 5.7586e-09, time : 0.10061 s.
Iter 3. Finished greedy search in 2.6016 s, with 2 states.
Iter 2. Adding 36632 extra transitions to final model helped : dF/|F| = 5.8986e-09, time : 0.10703 s.
Iter 2. Finished greedy search in 2.6955 s, with 2 states.
Iter 1. Adding 36631 extra transitions to final model helped : dF/|F| = 6.2745e-09, time : 0.11768 s.
Iter 1. Finished greedy search in 3.0473 s, with 2 states.
Sorting and regenerating best model and estimates
 N     it   dF/|F|   d<p>/p   p 
02     2  4.26e-09 2.64e-04  M.c , F : 1.521e+06 
Converged normally after 2 iterations, relTolF = 1e-08, tolPar = 0.01, (M.c limiting). 
 N     it   dF/|F|   d<p>/p   p 
01     2  0.00e+00 0.00e+00  M.wPi , F : 1.417e+06 
Converged normally after 2 iterations, relTolF = 1e-08, tolPar = 0.01, (M.wPi limiting). 
Best model size: 2, from iteration 15.
Saving .\tag_14_HMManalysis_hidden2.mat after 1.2495 min.
Read options structure based on runinput file C:\Users\mike\Documents\GitHub\binder-tag\initial_review\CAtagSrc_vs_Binder_analysis\20201212\diffusional_dynamics\runinput_files\runinput_20201215_tag_14_hidden_2.m
Read options structure based on runinput file C:\Users\mike\Documents\GitHub\binder-tag\initial_review\CAtagSrc_vs_Binder_analysis\20201212\diffusional_dynamics\runinput_files\runinput_20201215_tag_14_hidden_2.m
jobID: Data from tag_14.mat :: vbspt_tracks :: 20201215
Starting bootstrapping...
----------
bootstrap : 100 resampling in 85.555 s.
Bootstrapping the 1 state model of 2.
bootstrap : 100 resampling in 27.8358 s.
Bootstrapping the 2 state model of 2.
Finished C:\Users\mike\Documents\GitHub\binder-tag\initial_review\CAtagSrc_vs_Binder_analysis\20201212\diffusional_dynamics\runinput_files\runinput_20201215_tag_14_hidden_2.m bootstrapping in 1.9157 min.
15-Dec-2020 22:05:54 : Finished C:\Users\mike\Documents\GitHub\binder-tag\initial_review\CAtagSrc_vs_Binder_analysis\20201212\diffusional_dynamics\runinput_files\runinput_20201215_tag_14_hidden_2.m. Total run time 3.2376 min.
