
vbSPT, VB3_HMManalysis, Copyright (C) 2012 Martin Lindén and Fredrik Persson 
v 1.1.2, Martin Lindén 2014, v 1.1.3, Martin Lindén 2015.

This program comes with ABSOLUTELY NO WARRANTY. 
This is free software, and you are welcome to redistribute it 
under certain conditions. See license.txt for details. 

Additional permission under GNU GPL version 3 section 7 

If you modify this Program, or any covered work, by linking or combining it 
with Matlab or any Matlab toolbox, the licensors of this Program grant you 
additional permission to convey the resulting work. 

----------
15-Dec-2020 21:48:16 : Starting greedy optimization to find best model.
jobID        : Data from tag_07.mat :: vbspt_tracks :: 20201215
runinput file: C:\Users\mike\Documents\GitHub\binder-tag\initial_review\CAtagSrc_vs_Binder_analysis\20201212\diffusional_dynamics\runinput_files\runinput_20201215_tag_07_hidden_2.m
input  file  : ../vbspt_source/tag_07.mat
trj field    : vbspt_tracks
output file  : .\tag_07_HMManalysis_hidden2.mat
log file     : .\tag_07_HMManalysis_hidden2.log
----------
Read options structure based on runinput file C:\Users\mike\Documents\GitHub\binder-tag\initial_review\CAtagSrc_vs_Binder_analysis\20201212\diffusional_dynamics\runinput_files\runinput_20201215_tag_07_hidden_2.m
Iter 25. Adding 28581 extra transitions to final model helped : dF/|F| = 9.8426e-09, time : 0.12589 s.
Iter 25. Finished greedy search in 2.1735 s, with 2 states.
Iter 24. Adding 28560 extra transitions to final model helped : dF/|F| = 9.7757e-09, time : 0.13084 s.
Iter 24. Finished greedy search in 1.9997 s, with 2 states.
Iter 23. Adding 28559 extra transitions to final model helped : dF/|F| = 1.1637e-08, time : 0.12246 s.
Iter 23. Finished greedy search in 2.0815 s, with 2 states.
Iter 22. Adding 28559 extra transitions to final model helped : dF/|F| = 1.1126e-08, time : 0.1234 s.
Iter 22. Finished greedy search in 2.174 s, with 2 states.
Iter 21. Adding 28560 extra transitions to final model helped : dF/|F| = 1.0042e-08, time : 0.13064 s.
Iter 21. Finished greedy search in 2.0971 s, with 2 states.
Iter 20. Adding 28559 extra transitions to final model helped : dF/|F| = 1.1147e-08, time : 0.11776 s.
Iter 20. Finished greedy search in 2.0263 s, with 2 states.
Iter 19. Adding 28580 extra transitions to final model helped : dF/|F| = 9.1581e-09, time : 0.12108 s.
Iter 19. Finished greedy search in 1.9995 s, with 2 states.
Iter 18. Adding 28559 extra transitions to final model helped : dF/|F| = 1.1281e-08, time : 0.12988 s.
Iter 18. Finished greedy search in 1.8658 s, with 2 states.
Iter 17. Adding 28559 extra transitions to final model helped : dF/|F| = 1.2338e-08, time : 0.1166 s.
Iter 17. Finished greedy search in 1.9159 s, with 2 states.
Iter 16. Adding 28559 extra transitions to final model helped : dF/|F| = 1.1961e-08, time : 0.13603 s.
Iter 16. Finished greedy search in 2.1558 s, with 2 states.
Iter 15. Adding 28582 extra transitions to final model helped : dF/|F| = 1.2379e-08, time : 0.12591 s.
Iter 15. Finished greedy search in 2.1778 s, with 2 states.
Iter 14. Adding 28560 extra transitions to final model helped : dF/|F| = 1.0145e-08, time : 0.11895 s.
Iter 14. Finished greedy search in 1.8819 s, with 2 states.
Iter 13. Adding 28560 extra transitions to final model helped : dF/|F| = 1.0485e-08, time : 0.12605 s.
Iter 13. Finished greedy search in 1.9976 s, with 2 states.
Iter 12. Adding 28559 extra transitions to final model helped : dF/|F| = 1.1127e-08, time : 0.11886 s.
Iter 12. Finished greedy search in 2.0612 s, with 2 states.
Iter 11. Adding 28582 extra transitions to final model helped : dF/|F| = 1.1909e-08, time : 0.11968 s.
Iter 11. Finished greedy search in 2.1663 s, with 2 states.
Iter 10. Adding 28581 extra transitions to final model helped : dF/|F| = 1.0636e-08, time : 0.12342 s.
Iter 10. Finished greedy search in 1.5325 s, with 2 states.
Iter 9. Adding 28581 extra transitions to final model helped : dF/|F| = 9.8026e-09, time : 0.12663 s.
Iter 9. Finished greedy search in 1.9811 s, with 2 states.
Iter 8. Adding 28581 extra transitions to final model helped : dF/|F| = 1.1466e-08, time : 0.13065 s.
Iter 8. Finished greedy search in 2.0629 s, with 2 states.
Iter 7. Adding 28560 extra transitions to final model helped : dF/|F| = 1.0564e-08, time : 0.11908 s.
Iter 7. Finished greedy search in 2.0721 s, with 2 states.
Iter 6. Adding 28559 extra transitions to final model helped : dF/|F| = 1.1901e-08, time : 0.1272 s.
Iter 6. Finished greedy search in 2.0477 s, with 2 states.
Iter 5. Adding 28559 extra transitions to final model helped : dF/|F| = 1.2027e-08, time : 0.11717 s.
Iter 5. Finished greedy search in 2.1051 s, with 2 states.
Iter 4. Adding 28581 extra transitions to final model helped : dF/|F| = 9.97e-09, time : 0.12073 s.
Iter 4. Finished greedy search in 2.2235 s, with 2 states.
Iter 3. Adding 28560 extra transitions to final model helped : dF/|F| = 9.3965e-09, time : 0.12123 s.
Iter 3. Finished greedy search in 2.048 s, with 2 states.
Iter 2. Adding 28582 extra transitions to final model helped : dF/|F| = 1.2262e-08, time : 0.12095 s.
Iter 2. Finished greedy search in 2.1164 s, with 2 states.
Iter 1. Adding 28560 extra transitions to final model helped : dF/|F| = 1.0963e-08, time : 0.12685 s.
Iter 1. Finished greedy search in 1.5022 s, with 2 states.
Sorting and regenerating best model and estimates
 N     it   dF/|F|   d<p>/p   p 
02     2  2.78e-09 2.16e-04  M.c , F : 1.210e+06 
Converged normally after 2 iterations, relTolF = 1e-08, tolPar = 0.01, (M.c limiting). 
 N     it   dF/|F|   d<p>/p   p 
01     2  0.00e+00 0.00e+00  M.wPi , F : 1.122e+06 
Converged normally after 2 iterations, relTolF = 1e-08, tolPar = 0.01, (M.wPi limiting). 
Best model size: 2, from iteration 19.
Saving .\tag_07_HMManalysis_hidden2.mat after 0.87804 min.
Read options structure based on runinput file C:\Users\mike\Documents\GitHub\binder-tag\initial_review\CAtagSrc_vs_Binder_analysis\20201212\diffusional_dynamics\runinput_files\runinput_20201215_tag_07_hidden_2.m
Read options structure based on runinput file C:\Users\mike\Documents\GitHub\binder-tag\initial_review\CAtagSrc_vs_Binder_analysis\20201212\diffusional_dynamics\runinput_files\runinput_20201215_tag_07_hidden_2.m
jobID: Data from tag_07.mat :: vbspt_tracks :: 20201215
Starting bootstrapping...
----------
bootstrap : 100 resampling in 61.1061 s.
Bootstrapping the 1 state model of 2.
bootstrap : 100 resampling in 19.2278 s.
Bootstrapping the 2 state model of 2.
Finished C:\Users\mike\Documents\GitHub\binder-tag\initial_review\CAtagSrc_vs_Binder_analysis\20201212\diffusional_dynamics\runinput_files\runinput_20201215_tag_07_hidden_2.m bootstrapping in 1.3572 min.
15-Dec-2020 21:50:33 : Finished C:\Users\mike\Documents\GitHub\binder-tag\initial_review\CAtagSrc_vs_Binder_analysis\20201212\diffusional_dynamics\runinput_files\runinput_20201215_tag_07_hidden_2.m. Total run time 2.2884 min.
