
vbSPT, VB3_HMManalysis, Copyright (C) 2012 Martin Lindén and Fredrik Persson 
v 1.1.2, Martin Lindén 2014, v 1.1.3, Martin Lindén 2015.

This program comes with ABSOLUTELY NO WARRANTY. 
This is free software, and you are welcome to redistribute it 
under certain conditions. See license.txt for details. 

Additional permission under GNU GPL version 3 section 7 

If you modify this Program, or any covered work, by linking or combining it 
with Matlab or any Matlab toolbox, the licensors of this Program grant you 
additional permission to convey the resulting work. 

----------
15-Dec-2020 21:59:57 : Starting greedy optimization to find best model.
jobID        : Data from tag_13.mat :: vbspt_tracks :: 20201215
runinput file: C:\Users\mike\Documents\GitHub\binder-tag\initial_review\CAtagSrc_vs_Binder_analysis\20201212\diffusional_dynamics\runinput_files\runinput_20201215_tag_13_hidden_2.m
input  file  : ../vbspt_source/tag_13.mat
trj field    : vbspt_tracks
output file  : .\tag_13_HMManalysis_hidden2.mat
log file     : .\tag_13_HMManalysis_hidden2.log
----------
Read options structure based on runinput file C:\Users\mike\Documents\GitHub\binder-tag\initial_review\CAtagSrc_vs_Binder_analysis\20201212\diffusional_dynamics\runinput_files\runinput_20201215_tag_13_hidden_2.m
Iter 25. Adding 30678 extra transitions to final model helped : dF/|F| = 5.7902e-09, time : 0.091147 s.
Iter 25. Finished greedy search in 2.3439 s, with 2 states.
Iter 24. Adding 30678 extra transitions to final model helped : dF/|F| = 5.773e-09, time : 0.091571 s.
Iter 24. Finished greedy search in 2.1731 s, with 2 states.
Iter 23. Adding 30695 extra transitions to final model helped : dF/|F| = 5.7408e-09, time : 0.083951 s.
Iter 23. Finished greedy search in 2.2092 s, with 2 states.
Iter 22. Adding 30677 extra transitions to final model helped : dF/|F| = 6.3225e-09, time : 0.084278 s.
Iter 22. Finished greedy search in 1.4547 s, with 2 states.
Iter 21. Adding 30696 extra transitions to final model helped : dF/|F| = 6.9083e-09, time : 0.086641 s.
Iter 21. Finished greedy search in 2.228 s, with 2 states.
Iter 20. Adding 30677 extra transitions to final model helped : dF/|F| = 6.6935e-09, time : 0.086957 s.
Iter 20. Finished greedy search in 1.9588 s, with 2 states.
Iter 19. Adding 30677 extra transitions to final model helped : dF/|F| = 6.2825e-09, time : 0.09205 s.
Iter 19. Finished greedy search in 2.051 s, with 2 states.
Iter 18. Adding 30676 extra transitions to final model helped : dF/|F| = 7.3362e-09, time : 0.10331 s.
Iter 18. Finished greedy search in 2.5134 s, with 2 states.
Iter 17. Adding 30696 extra transitions to final model helped : dF/|F| = 7.2591e-09, time : 0.10682 s.
Iter 17. Finished greedy search in 2.6661 s, with 2 states.
Iter 16. Adding 30695 extra transitions to final model helped : dF/|F| = 5.4153e-09, time : 0.10317 s.
Iter 16. Finished greedy search in 2.5775 s, with 2 states.
Iter 15. Adding 30677 extra transitions to final model helped : dF/|F| = 7.1623e-09, time : 0.1154 s.
Iter 15. Finished greedy search in 2.551 s, with 2 states.
Iter 14. Adding 30696 extra transitions to final model helped : dF/|F| = 6.3702e-09, time : 0.093352 s.
Iter 14. Finished greedy search in 2.7059 s, with 2 states.
Iter 13. Adding 30696 extra transitions to final model helped : dF/|F| = 7.3443e-09, time : 0.10637 s.
Iter 13. Finished greedy search in 1.4086 s, with 2 states.
Iter 12. Adding 30678 extra transitions to final model helped : dF/|F| = 5.8093e-09, time : 0.1051 s.
Iter 12. Finished greedy search in 2.588 s, with 2 states.
Iter 11. Adding 30677 extra transitions to final model helped : dF/|F| = 6.1088e-09, time : 0.094824 s.
Iter 11. Finished greedy search in 2.5477 s, with 2 states.
Iter 10. Adding 30677 extra transitions to final model helped : dF/|F| = 6.2535e-09, time : 0.098763 s.
Iter 10. Finished greedy search in 2.6179 s, with 2 states.
Iter 9. Adding 30677 extra transitions to final model helped : dF/|F| = 6.1578e-09, time : 0.096849 s.
Iter 9. Finished greedy search in 2.4767 s, with 2 states.
Iter 8. Adding 30677 extra transitions to final model helped : dF/|F| = 6.4027e-09, time : 0.10231 s.
Iter 8. Finished greedy search in 2.3099 s, with 2 states.
Iter 7. Adding 30678 extra transitions to final model helped : dF/|F| = 5.6741e-09, time : 0.10227 s.
Iter 7. Finished greedy search in 2.2321 s, with 2 states.
Iter 6. Adding 30678 extra transitions to final model helped : dF/|F| = 5.5191e-09, time : 0.10398 s.
Iter 6. Finished greedy search in 2.6511 s, with 2 states.
Iter 5. Adding 30677 extra transitions to final model helped : dF/|F| = 6.4414e-09, time : 0.10453 s.
Iter 5. Finished greedy search in 2.5751 s, with 2 states.
Iter 4. Adding 30695 extra transitions to final model helped : dF/|F| = 5.6664e-09, time : 0.1044 s.
Iter 4. Finished greedy search in 2.829 s, with 2 states.
Iter 3. Adding 30677 extra transitions to final model helped : dF/|F| = 6.6322e-09, time : 0.10266 s.
Iter 3. Finished greedy search in 1.7453 s, with 2 states.
Iter 2. Adding 30677 extra transitions to final model helped : dF/|F| = 6.1893e-09, time : 0.10171 s.
Iter 2. Finished greedy search in 2.6193 s, with 2 states.
Iter 1. Adding 30696 extra transitions to final model helped : dF/|F| = 6.6218e-09, time : 0.10589 s.
Iter 1. Finished greedy search in 2.5142 s, with 2 states.
Sorting and regenerating best model and estimates
 N     it   dF/|F|   d<p>/p   p 
02     2  3.98e-09 2.62e-04  M.c , F : 1.333e+06 
Converged normally after 2 iterations, relTolF = 1e-08, tolPar = 0.01, (M.c limiting). 
 N     it   dF/|F|   d<p>/p   p 
01     2  0.00e+00 0.00e+00  M.wPi , F : 1.236e+06 
Converged normally after 2 iterations, relTolF = 1e-08, tolPar = 0.01, (M.wPi limiting). 
Best model size: 2, from iteration 16.
Saving .\tag_13_HMManalysis_hidden2.mat after 1.0157 min.
Read options structure based on runinput file C:\Users\mike\Documents\GitHub\binder-tag\initial_review\CAtagSrc_vs_Binder_analysis\20201212\diffusional_dynamics\runinput_files\runinput_20201215_tag_13_hidden_2.m
Read options structure based on runinput file C:\Users\mike\Documents\GitHub\binder-tag\initial_review\CAtagSrc_vs_Binder_analysis\20201212\diffusional_dynamics\runinput_files\runinput_20201215_tag_13_hidden_2.m
jobID: Data from tag_13.mat :: vbspt_tracks :: 20201215
Starting bootstrapping...
----------
bootstrap : 100 resampling in 77.6653 s.
Bootstrapping the 1 state model of 2.
bootstrap : 100 resampling in 20.3966 s.
Bootstrapping the 2 state model of 2.
Finished C:\Users\mike\Documents\GitHub\binder-tag\initial_review\CAtagSrc_vs_Binder_analysis\20201212\diffusional_dynamics\runinput_files\runinput_20201215_tag_13_hidden_2.m bootstrapping in 1.655 min.
15-Dec-2020 22:02:40 : Finished C:\Users\mike\Documents\GitHub\binder-tag\initial_review\CAtagSrc_vs_Binder_analysis\20201212\diffusional_dynamics\runinput_files\runinput_20201215_tag_13_hidden_2.m. Total run time 2.7211 min.
