
vbSPT, VB3_HMManalysis, Copyright (C) 2012 Martin Lindén and Fredrik Persson 
v 1.1.2, Martin Lindén 2014, v 1.1.3, Martin Lindén 2015.

This program comes with ABSOLUTELY NO WARRANTY. 
This is free software, and you are welcome to redistribute it 
under certain conditions. See license.txt for details. 

Additional permission under GNU GPL version 3 section 7 

If you modify this Program, or any covered work, by linking or combining it 
with Matlab or any Matlab toolbox, the licensors of this Program grant you 
additional permission to convey the resulting work. 

----------
15-Dec-2020 21:43:08 : Starting greedy optimization to find best model.
jobID        : Data from tag_03.mat :: vbspt_tracks :: 20201215
runinput file: C:\Users\mike\Documents\GitHub\binder-tag\initial_review\CAtagSrc_vs_Binder_analysis\20201212\diffusional_dynamics\runinput_files\runinput_20201215_tag_03_hidden_2.m
input  file  : ../vbspt_source/tag_03.mat
trj field    : vbspt_tracks
output file  : .\tag_03_HMManalysis_hidden2.mat
log file     : .\tag_03_HMManalysis_hidden2.log
----------
Read options structure based on runinput file C:\Users\mike\Documents\GitHub\binder-tag\initial_review\CAtagSrc_vs_Binder_analysis\20201212\diffusional_dynamics\runinput_files\runinput_20201215_tag_03_hidden_2.m
Iter 25. Adding 18031 extra transitions to final model helped : dF/|F| = 5.8613e-09, time : 0.054358 s.
Iter 25. Finished greedy search in 1.3797 s, with 2 states.
Iter 24. Adding 18047 extra transitions to final model helped : dF/|F| = 7.3837e-09, time : 0.052882 s.
Iter 24. Finished greedy search in 1.5005 s, with 2 states.
Iter 23. Adding 18031 extra transitions to final model helped : dF/|F| = 5.6697e-09, time : 0.060474 s.
Iter 23. Finished greedy search in 1.2683 s, with 2 states.
Iter 22. Adding 18031 extra transitions to final model helped : dF/|F| = 7.1834e-09, time : 0.052742 s.
Iter 22. Finished greedy search in 1.1958 s, with 2 states.
Iter 21. Adding 18046 extra transitions to final model helped : dF/|F| = 6.0791e-09, time : 0.050531 s.
Iter 21. Finished greedy search in 1.5232 s, with 2 states.
Iter 20. Adding 18031 extra transitions to final model helped : dF/|F| = 6.4365e-09, time : 0.054825 s.
Iter 20. Finished greedy search in 1.3055 s, with 2 states.
Iter 19. Adding 18046 extra transitions to final model helped : dF/|F| = 5.8045e-09, time : 0.056879 s.
Iter 19. Finished greedy search in 1.4788 s, with 2 states.
Iter 18. Adding 18031 extra transitions to final model helped : dF/|F| = 5.6829e-09, time : 0.05092 s.
Iter 18. Finished greedy search in 1.3735 s, with 2 states.
Iter 17. Adding 18031 extra transitions to final model helped : dF/|F| = 7.1495e-09, time : 0.061036 s.
Iter 17. Finished greedy search in 1.2817 s, with 2 states.
Iter 16. Adding 18047 extra transitions to final model helped : dF/|F| = 7.0411e-09, time : 0.050489 s.
Iter 16. Finished greedy search in 1.4818 s, with 2 states.
Iter 15. Adding 18030 extra transitions to final model helped : dF/|F| = 5.4064e-09, time : 0.046663 s.
Iter 15. Finished greedy search in 0.59726 s, with 2 states.
Iter 14. Adding 18047 extra transitions to final model helped : dF/|F| = 6.299e-09, time : 0.054056 s.
Iter 14. Finished greedy search in 1.5073 s, with 2 states.
Iter 13. Adding 18031 extra transitions to final model helped : dF/|F| = 6.4697e-09, time : 0.050654 s.
Iter 13. Finished greedy search in 1.3457 s, with 2 states.
Iter 12. Adding 18031 extra transitions to final model helped : dF/|F| = 7.0794e-09, time : 0.055295 s.
Iter 12. Finished greedy search in 1.3413 s, with 2 states.
Iter 11. Adding 18031 extra transitions to final model helped : dF/|F| = 6.0283e-09, time : 0.052954 s.
Iter 11. Finished greedy search in 1.3957 s, with 2 states.
Iter 10. Adding 18047 extra transitions to final model helped : dF/|F| = 6.6418e-09, time : 0.050709 s.
Iter 10. Finished greedy search in 1.4573 s, with 2 states.
Iter 9. Adding 18046 extra transitions to final model helped : dF/|F| = 5.9677e-09, time : 0.056029 s.
Iter 9. Finished greedy search in 1.0027 s, with 2 states.
Iter 8. Adding 18031 extra transitions to final model helped : dF/|F| = 6.6493e-09, time : 0.059543 s.
Iter 8. Finished greedy search in 1.042 s, with 2 states.
Iter 7. Adding 18031 extra transitions to final model helped : dF/|F| = 6.4839e-09, time : 0.061102 s.
Iter 7. Finished greedy search in 1.4363 s, with 2 states.
Iter 6. Adding 18047 extra transitions to final model helped : dF/|F| = 7.1094e-09, time : 0.053024 s.
Iter 6. Finished greedy search in 1.4011 s, with 2 states.
Iter 5. Adding 18031 extra transitions to final model helped : dF/|F| = 5.9063e-09, time : 0.054081 s.
Iter 5. Finished greedy search in 1.3437 s, with 2 states.
Iter 4. Adding 18046 extra transitions to final model helped : dF/|F| = 6.0115e-09, time : 0.058768 s.
Iter 4. Finished greedy search in 1.404 s, with 2 states.
Iter 3. Adding 18031 extra transitions to final model helped : dF/|F| = 6.4414e-09, time : 0.054523 s.
Iter 3. Finished greedy search in 1.4001 s, with 2 states.
Iter 2. Adding 18031 extra transitions to final model helped : dF/|F| = 6.9326e-09, time : 0.059303 s.
Iter 2. Finished greedy search in 1.1854 s, with 2 states.
Iter 1. Adding 18031 extra transitions to final model helped : dF/|F| = 6.3879e-09, time : 0.051509 s.
Iter 1. Finished greedy search in 1.3155 s, with 2 states.
Sorting and regenerating best model and estimates
 N     it   dF/|F|   d<p>/p   p 
02     2  4.00e-09 2.61e-04  M.c , F : 7.660e+05 
Converged normally after 2 iterations, relTolF = 1e-08, tolPar = 0.01, (M.c limiting). 
 N     it   dF/|F|   d<p>/p   p 
01     2  0.00e+00 0.00e+00  M.wPi , F : 7.132e+05 
Converged normally after 2 iterations, relTolF = 1e-08, tolPar = 0.01, (M.wPi limiting). 
Best model size: 2, from iteration 15.
Saving .\tag_03_HMManalysis_hidden2.mat after 0.56909 min.
Read options structure based on runinput file C:\Users\mike\Documents\GitHub\binder-tag\initial_review\CAtagSrc_vs_Binder_analysis\20201212\diffusional_dynamics\runinput_files\runinput_20201215_tag_03_hidden_2.m
Read options structure based on runinput file C:\Users\mike\Documents\GitHub\binder-tag\initial_review\CAtagSrc_vs_Binder_analysis\20201212\diffusional_dynamics\runinput_files\runinput_20201215_tag_03_hidden_2.m
jobID: Data from tag_03.mat :: vbspt_tracks :: 20201215
Starting bootstrapping...
----------
bootstrap : 100 resampling in 45.0444 s.
Bootstrapping the 1 state model of 2.
bootstrap : 100 resampling in 11.9142 s.
Bootstrapping the 2 state model of 2.
Finished C:\Users\mike\Documents\GitHub\binder-tag\initial_review\CAtagSrc_vs_Binder_analysis\20201212\diffusional_dynamics\runinput_files\runinput_20201215_tag_03_hidden_2.m bootstrapping in 0.96016 min.
15-Dec-2020 21:44:41 : Finished C:\Users\mike\Documents\GitHub\binder-tag\initial_review\CAtagSrc_vs_Binder_analysis\20201212\diffusional_dynamics\runinput_files\runinput_20201215_tag_03_hidden_2.m. Total run time 1.5598 min.
