
vbSPT, VB3_HMManalysis, Copyright (C) 2012 Martin Lindén and Fredrik Persson 
v 1.1.2, Martin Lindén 2014, v 1.1.3, Martin Lindén 2015.

This program comes with ABSOLUTELY NO WARRANTY. 
This is free software, and you are welcome to redistribute it 
under certain conditions. See license.txt for details. 

Additional permission under GNU GPL version 3 section 7 

If you modify this Program, or any covered work, by linking or combining it 
with Matlab or any Matlab toolbox, the licensors of this Program grant you 
additional permission to convey the resulting work. 

----------
15-Dec-2020 21:55:53 : Starting greedy optimization to find best model.
jobID        : Data from tag_11.mat :: vbspt_tracks :: 20201215
runinput file: C:\Users\mike\Documents\GitHub\binder-tag\initial_review\CAtagSrc_vs_Binder_analysis\20201212\diffusional_dynamics\runinput_files\runinput_20201215_tag_11_hidden_2.m
input  file  : ../vbspt_source/tag_11.mat
trj field    : vbspt_tracks
output file  : .\tag_11_HMManalysis_hidden2.mat
log file     : .\tag_11_HMManalysis_hidden2.log
----------
Read options structure based on runinput file C:\Users\mike\Documents\GitHub\binder-tag\initial_review\CAtagSrc_vs_Binder_analysis\20201212\diffusional_dynamics\runinput_files\runinput_20201215_tag_11_hidden_2.m
Iter 25. Adding 43768 extra transitions to final model helped : dF/|F| = 5.3889e-09, time : 0.12601 s.
Iter 25. Finished greedy search in 2.8196 s, with 2 states.
Iter 24. Adding 43802 extra transitions to final model helped : dF/|F| = 5.9246e-09, time : 0.13182 s.
Iter 24. Finished greedy search in 3.2478 s, with 2 states.
Iter 23. Adding 43804 extra transitions to final model helped : dF/|F| = 7.0405e-09, time : 0.12157 s.
Iter 23. Finished greedy search in 3.0294 s, with 2 states.
Iter 22. Adding 43768 extra transitions to final model helped : dF/|F| = 5.5462e-09, time : 0.12054 s.
Iter 22. Finished greedy search in 2.9839 s, with 2 states.
Iter 21. Adding 43767 extra transitions to final model helped : dF/|F| = 5.6986e-09, time : 0.12794 s.
Iter 21. Finished greedy search in 2.9833 s, with 2 states.
Iter 20. Adding 43766 extra transitions to final model helped : dF/|F| = 6.4367e-09, time : 0.12363 s.
Iter 20. Finished greedy search in 2.8666 s, with 2 states.
Iter 19. Adding 43766 extra transitions to final model helped : dF/|F| = 6.5381e-09, time : 0.115 s.
Iter 19. Finished greedy search in 2.1213 s, with 2 states.
Iter 18. Adding 43803 extra transitions to final model helped : dF/|F| = 6.6295e-09, time : 0.11728 s.
Iter 18. Finished greedy search in 2.9419 s, with 2 states.
Iter 17. Adding 43765 extra transitions to final model helped : dF/|F| = 7.2805e-09, time : 0.12357 s.
Iter 17. Finished greedy search in 2.9886 s, with 2 states.
Iter 16. Adding 43766 extra transitions to final model helped : dF/|F| = 6.6127e-09, time : 0.11906 s.
Iter 16. Finished greedy search in 2.9247 s, with 2 states.
Iter 15. Adding 43803 extra transitions to final model helped : dF/|F| = 6.8056e-09, time : 0.1199 s.
Iter 15. Finished greedy search in 3.0842 s, with 2 states.
Iter 14. Adding 43802 extra transitions to final model helped : dF/|F| = 5.7279e-09, time : 0.11928 s.
Iter 14. Finished greedy search in 2.9694 s, with 2 states.
Iter 13. Adding 43768 extra transitions to final model helped : dF/|F| = 5.5561e-09, time : 0.11108 s.
Iter 13. Finished greedy search in 3.0719 s, with 2 states.
Iter 12. Adding 43801 extra transitions to final model helped : dF/|F| = 5.3818e-09, time : 0.12048 s.
Iter 12. Finished greedy search in 3.2148 s, with 2 states.
Iter 11. Adding 43802 extra transitions to final model helped : dF/|F| = 5.756e-09, time : 0.12389 s.
Iter 11. Finished greedy search in 3.2727 s, with 2 states.
Iter 10. Adding 43767 extra transitions to final model helped : dF/|F| = 6.0703e-09, time : 0.11647 s.
Iter 10. Finished greedy search in 3.0207 s, with 2 states.
Iter 9. Adding 43766 extra transitions to final model helped : dF/|F| = 6.5163e-09, time : 0.12078 s.
Iter 9. Finished greedy search in 2.7766 s, with 2 states.
Iter 8. Adding 43768 extra transitions to final model helped : dF/|F| = 5.3435e-09, time : 0.1263 s.
Iter 8. Finished greedy search in 3.0346 s, with 2 states.
Iter 7. Adding 43767 extra transitions to final model helped : dF/|F| = 6.0797e-09, time : 0.12391 s.
Iter 7. Finished greedy search in 2.4913 s, with 2 states.
Iter 6. Adding 43766 extra transitions to final model helped : dF/|F| = 6.6689e-09, time : 0.12895 s.
Iter 6. Finished greedy search in 2.9909 s, with 2 states.
Iter 5. Adding 43766 extra transitions to final model helped : dF/|F| = 6.8045e-09, time : 0.12269 s.
Iter 5. Finished greedy search in 3.0199 s, with 2 states.
Iter 4. Adding 43802 extra transitions to final model helped : dF/|F| = 5.5635e-09, time : 0.11164 s.
Iter 4. Finished greedy search in 2.9458 s, with 2 states.
Iter 3. Adding 43768 extra transitions to final model helped : dF/|F| = 5.4576e-09, time : 0.11366 s.
Iter 3. Finished greedy search in 2.9997 s, with 2 states.
Iter 2. Adding 43803 extra transitions to final model helped : dF/|F| = 6.3367e-09, time : 0.11313 s.
Iter 2. Finished greedy search in 3.2262 s, with 2 states.
Iter 1. Adding 43803 extra transitions to final model helped : dF/|F| = 6.6756e-09, time : 0.12017 s.
Iter 1. Finished greedy search in 3.1023 s, with 2 states.
Sorting and regenerating best model and estimates
 N     it   dF/|F|   d<p>/p   p 
02     2  3.90e-09 2.60e-04  M.c , F : 1.864e+06 
Converged normally after 2 iterations, relTolF = 1e-08, tolPar = 0.01, (M.c limiting). 
 N     it   dF/|F|   d<p>/p   p 
01     2  0.00e+00 0.00e+00  M.wPi , F : 1.732e+06 
Converged normally after 2 iterations, relTolF = 1e-08, tolPar = 0.01, (M.wPi limiting). 
Best model size: 2, from iteration 8.
Saving .\tag_11_HMManalysis_hidden2.mat after 1.2848 min.
Read options structure based on runinput file C:\Users\mike\Documents\GitHub\binder-tag\initial_review\CAtagSrc_vs_Binder_analysis\20201212\diffusional_dynamics\runinput_files\runinput_20201215_tag_11_hidden_2.m
Read options structure based on runinput file C:\Users\mike\Documents\GitHub\binder-tag\initial_review\CAtagSrc_vs_Binder_analysis\20201212\diffusional_dynamics\runinput_files\runinput_20201215_tag_11_hidden_2.m
jobID: Data from tag_11.mat :: vbspt_tracks :: 20201215
Starting bootstrapping...
----------
bootstrap : 100 resampling in 86.6575 s.
Bootstrapping the 1 state model of 2.
bootstrap : 100 resampling in 25.894 s.
Bootstrapping the 2 state model of 2.
Finished C:\Users\mike\Documents\GitHub\binder-tag\initial_review\CAtagSrc_vs_Binder_analysis\20201212\diffusional_dynamics\runinput_files\runinput_20201215_tag_11_hidden_2.m bootstrapping in 1.9007 min.
15-Dec-2020 21:59:08 : Finished C:\Users\mike\Documents\GitHub\binder-tag\initial_review\CAtagSrc_vs_Binder_analysis\20201212\diffusional_dynamics\runinput_files\runinput_20201215_tag_11_hidden_2.m. Total run time 3.257 min.
