
vbSPT, VB3_HMManalysis, Copyright (C) 2012 Martin Lindén and Fredrik Persson 
v 1.1.2, Martin Lindén 2014, v 1.1.3, Martin Lindén 2015.

This program comes with ABSOLUTELY NO WARRANTY. 
This is free software, and you are welcome to redistribute it 
under certain conditions. See license.txt for details. 

Additional permission under GNU GPL version 3 section 7 

If you modify this Program, or any covered work, by linking or combining it 
with Matlab or any Matlab toolbox, the licensors of this Program grant you 
additional permission to convey the resulting work. 

----------
15-Dec-2020 22:05:55 : Starting greedy optimization to find best model.
jobID        : Data from tag_15.mat :: vbspt_tracks :: 20201215
runinput file: C:\Users\mike\Documents\GitHub\binder-tag\initial_review\CAtagSrc_vs_Binder_analysis\20201212\diffusional_dynamics\runinput_files\runinput_20201215_tag_15_hidden_2.m
input  file  : ../vbspt_source/tag_15.mat
trj field    : vbspt_tracks
output file  : .\tag_15_HMManalysis_hidden2.mat
log file     : .\tag_15_HMManalysis_hidden2.log
----------
Read options structure based on runinput file C:\Users\mike\Documents\GitHub\binder-tag\initial_review\CAtagSrc_vs_Binder_analysis\20201212\diffusional_dynamics\runinput_files\runinput_20201215_tag_15_hidden_2.m
Iter 25. Adding 14067 extra transitions to final model helped : dF/|F| = 7.2468e-09, time : 0.057994 s.
Iter 25. Finished greedy search in 1.2424 s, with 2 states.
Iter 24. Adding 14054 extra transitions to final model helped : dF/|F| = 6.4757e-09, time : 0.055475 s.
Iter 24. Finished greedy search in 1.28 s, with 2 states.
Iter 23. Adding 14054 extra transitions to final model helped : dF/|F| = 6.4565e-09, time : 0.051977 s.
Iter 23. Finished greedy search in 1.1851 s, with 2 states.
Iter 22. Adding 14054 extra transitions to final model helped : dF/|F| = 5.8606e-09, time : 0.05244 s.
Iter 22. Finished greedy search in 1.2936 s, with 2 states.
Iter 21. Adding 14054 extra transitions to final model helped : dF/|F| = 6.638e-09, time : 0.042729 s.
Iter 21. Finished greedy search in 1.3159 s, with 2 states.
Iter 20. Adding 14054 extra transitions to final model helped : dF/|F| = 5.9624e-09, time : 0.04588 s.
Iter 20. Finished greedy search in 1.2071 s, with 2 states.
Iter 19. Adding 14054 extra transitions to final model helped : dF/|F| = 7.4058e-09, time : 0.057049 s.
Iter 19. Finished greedy search in 1.3371 s, with 2 states.
Iter 18. Adding 14054 extra transitions to final model helped : dF/|F| = 7.2085e-09, time : 0.051487 s.
Iter 18. Finished greedy search in 1.3492 s, with 2 states.
Iter 17. Adding 14054 extra transitions to final model helped : dF/|F| = 6.9134e-09, time : 0.051689 s.
Iter 17. Finished greedy search in 1.2797 s, with 2 states.
Iter 16. Adding 14055 extra transitions to final model helped : dF/|F| = 5.566e-09, time : 0.053653 s.
Iter 16. Finished greedy search in 1.0909 s, with 2 states.
Iter 15. Adding 14054 extra transitions to final model helped : dF/|F| = 6.1651e-09, time : 0.053597 s.
Iter 15. Finished greedy search in 1.2888 s, with 2 states.
Iter 14. Adding 14055 extra transitions to final model helped : dF/|F| = 5.6923e-09, time : 0.053186 s.
Iter 14. Finished greedy search in 1.3055 s, with 2 states.
Iter 13. Adding 14054 extra transitions to final model helped : dF/|F| = 6.0101e-09, time : 0.043397 s.
Iter 13. Finished greedy search in 1.3006 s, with 2 states.
Iter 12. Adding 14067 extra transitions to final model helped : dF/|F| = 6.9191e-09, time : 0.057794 s.
Iter 12. Finished greedy search in 1.268 s, with 2 states.
Iter 11. Adding 14067 extra transitions to final model helped : dF/|F| = 5.6413e-09, time : 0.055623 s.
Iter 11. Finished greedy search in 0.70492 s, with 2 states.
Iter 10. Adding 14067 extra transitions to final model helped : dF/|F| = 7.1948e-09, time : 0.053921 s.
Iter 10. Finished greedy search in 1.4616 s, with 2 states.
Iter 9. Adding 14054 extra transitions to final model helped : dF/|F| = 6.6813e-09, time : 0.052565 s.
Iter 9. Finished greedy search in 1.202 s, with 2 states.
Iter 8. Adding 14067 extra transitions to final model helped : dF/|F| = 6.7467e-09, time : 0.054394 s.
Iter 8. Finished greedy search in 1.2599 s, with 2 states.
Iter 7. Adding 14067 extra transitions to final model helped : dF/|F| = 5.6499e-09, time : 0.049255 s.
Iter 7. Finished greedy search in 1.1789 s, with 2 states.
Iter 6. Adding 14067 extra transitions to final model helped : dF/|F| = 7.1246e-09, time : 0.048543 s.
Iter 6. Finished greedy search in 1.0981 s, with 2 states.
Iter 5. Adding 14067 extra transitions to final model helped : dF/|F| = 6.6391e-09, time : 0.059397 s.
Iter 5. Finished greedy search in 1.438 s, with 2 states.
Iter 4. Adding 14067 extra transitions to final model helped : dF/|F| = 6.3842e-09, time : 0.048615 s.
Iter 4. Finished greedy search in 1.4224 s, with 2 states.
Iter 3. Adding 14067 extra transitions to final model helped : dF/|F| = 7.2024e-09, time : 0.049279 s.
Iter 3. Finished greedy search in 1.1677 s, with 2 states.
Iter 2. Adding 14054 extra transitions to final model helped : dF/|F| = 6.3044e-09, time : 0.052605 s.
Iter 2. Finished greedy search in 1.3322 s, with 2 states.
Iter 1. Adding 14055 extra transitions to final model helped : dF/|F| = 5.756e-09, time : 0.04752 s.
Iter 1. Finished greedy search in 1.4562 s, with 2 states.
Sorting and regenerating best model and estimates
 N     it   dF/|F|   d<p>/p   p 
02     2  4.15e-09 2.63e-04  M.c , F : 5.882e+05 
Converged normally after 2 iterations, relTolF = 1e-08, tolPar = 0.01, (M.c limiting). 
 N     it   dF/|F|   d<p>/p   p 
01     2  0.00e+00 0.00e+00  M.wPi , F : 5.481e+05 
Converged normally after 2 iterations, relTolF = 1e-08, tolPar = 0.01, (M.wPi limiting). 
Best model size: 2, from iteration 16.
Saving .\tag_15_HMManalysis_hidden2.mat after 0.55253 min.
Read options structure based on runinput file C:\Users\mike\Documents\GitHub\binder-tag\initial_review\CAtagSrc_vs_Binder_analysis\20201212\diffusional_dynamics\runinput_files\runinput_20201215_tag_15_hidden_2.m
Read options structure based on runinput file C:\Users\mike\Documents\GitHub\binder-tag\initial_review\CAtagSrc_vs_Binder_analysis\20201212\diffusional_dynamics\runinput_files\runinput_20201215_tag_15_hidden_2.m
jobID: Data from tag_15.mat :: vbspt_tracks :: 20201215
Starting bootstrapping...
----------
bootstrap : 100 resampling in 45.5646 s.
Bootstrapping the 1 state model of 2.
bootstrap : 100 resampling in 10.4422 s.
Bootstrapping the 2 state model of 2.
Finished C:\Users\mike\Documents\GitHub\binder-tag\initial_review\CAtagSrc_vs_Binder_analysis\20201212\diffusional_dynamics\runinput_files\runinput_20201215_tag_15_hidden_2.m bootstrapping in 0.9438 min.
15-Dec-2020 22:07:26 : Finished C:\Users\mike\Documents\GitHub\binder-tag\initial_review\CAtagSrc_vs_Binder_analysis\20201212\diffusional_dynamics\runinput_files\runinput_20201215_tag_15_hidden_2.m. Total run time 1.5325 min.
