
vbSPT, VB3_HMManalysis, Copyright (C) 2012 Martin Lindén and Fredrik Persson 
v 1.1.2, Martin Lindén 2014, v 1.1.3, Martin Lindén 2015.

This program comes with ABSOLUTELY NO WARRANTY. 
This is free software, and you are welcome to redistribute it 
under certain conditions. See license.txt for details. 

Additional permission under GNU GPL version 3 section 7 

If you modify this Program, or any covered work, by linking or combining it 
with Matlab or any Matlab toolbox, the licensors of this Program grant you 
additional permission to convey the resulting work. 

----------
15-Dec-2020 21:37:46 : Starting greedy optimization to find best model.
jobID        : Data from tag_01.mat :: vbspt_tracks :: 20201215
runinput file: C:\Users\mike\Documents\GitHub\binder-tag\initial_review\CAtagSrc_vs_Binder_analysis\20201212\diffusional_dynamics\runinput_files\runinput_20201215_tag_01_hidden_2.m
input  file  : ../vbspt_source/tag_01.mat
trj field    : vbspt_tracks
output file  : .\tag_01_HMManalysis_hidden2.mat
log file     : .\tag_01_HMManalysis_hidden2.log
----------
Read options structure based on runinput file C:\Users\mike\Documents\GitHub\binder-tag\initial_review\CAtagSrc_vs_Binder_analysis\20201212\diffusional_dynamics\runinput_files\runinput_20201215_tag_01_hidden_2.m
Iter 25. Adding 62990 extra transitions to final model helped : dF/|F| = 1.2951e-08, time : 0.26371 s.
Iter 25. Finished greedy search in 4.6713 s, with 2 states.
Iter 24. Adding 62994 extra transitions to final model helped : dF/|F| = 1.0156e-08, time : 0.25722 s.
Iter 24. Finished greedy search in 4.4575 s, with 2 states.
Iter 23. Adding 62992 extra transitions to final model helped : dF/|F| = 1.0989e-08, time : 0.25502 s.
Iter 23. Finished greedy search in 2.9753 s, with 2 states.
Iter 22. Adding 62992 extra transitions to final model helped : dF/|F| = 1.1153e-08, time : 0.25184 s.
Iter 22. Finished greedy search in 3.4036 s, with 2 states.
Iter 21. Adding 62991 extra transitions to final model helped : dF/|F| = 1.2162e-08, time : 0.24775 s.
Iter 21. Finished greedy search in 4.633 s, with 2 states.
Iter 20. Adding 62991 extra transitions to final model helped : dF/|F| = 1.2031e-08, time : 0.2676 s.
Iter 20. Finished greedy search in 4.9744 s, with 2 states.
Iter 19. Adding 62992 extra transitions to final model helped : dF/|F| = 1.1126e-08, time : 0.25033 s.
Iter 19. Finished greedy search in 4.8176 s, with 2 states.
Iter 18. Adding 62993 extra transitions to final model helped : dF/|F| = 1.0282e-08, time : 0.22707 s.
Iter 18. Finished greedy search in 4.3357 s, with 2 states.
Iter 17. Adding 62994 extra transitions to final model helped : dF/|F| = 1.0071e-08, time : 0.23828 s.
Iter 17. Finished greedy search in 4.7598 s, with 2 states.
Iter 16. Adding 62991 extra transitions to final model helped : dF/|F| = 1.217e-08, time : 0.25948 s.
Iter 16. Finished greedy search in 4.6379 s, with 2 states.
Iter 15. Adding 62992 extra transitions to final model helped : dF/|F| = 1.131e-08, time : 0.24889 s.
Iter 15. Finished greedy search in 4.7116 s, with 2 states.
Iter 14. Adding 62990 extra transitions to final model helped : dF/|F| = 1.2514e-08, time : 0.25632 s.
Iter 14. Finished greedy search in 4.5555 s, with 2 states.
Iter 13. Adding 62991 extra transitions to final model helped : dF/|F| = 1.1995e-08, time : 0.24125 s.
Iter 13. Finished greedy search in 4.5371 s, with 2 states.
Iter 12. Adding 62990 extra transitions to final model helped : dF/|F| = 1.2779e-08, time : 0.26467 s.
Iter 12. Finished greedy search in 4.5503 s, with 2 states.
Iter 11. Adding 63055 extra transitions to final model helped : dF/|F| = 1.0692e-08, time : 0.25253 s.
Iter 11. Finished greedy search in 4.3995 s, with 2 states.
Iter 10. Adding 63056 extra transitions to final model helped : dF/|F| = 1.1091e-08, time : 0.24055 s.
Iter 10. Finished greedy search in 3.9937 s, with 2 states.
Iter 9. Adding 62992 extra transitions to final model helped : dF/|F| = 1.1583e-08, time : 0.26087 s.
Iter 9. Finished greedy search in 4.3132 s, with 2 states.
Iter 8. Adding 62993 extra transitions to final model helped : dF/|F| = 1.0715e-08, time : 0.25282 s.
Iter 8. Finished greedy search in 4.7314 s, with 2 states.
Iter 7. Adding 62993 extra transitions to final model helped : dF/|F| = 1.0849e-08, time : 0.24047 s.
Iter 7. Finished greedy search in 4.4333 s, with 2 states.
Iter 6. Adding 62993 extra transitions to final model helped : dF/|F| = 1.0632e-08, time : 0.25106 s.
Iter 6. Finished greedy search in 4.325 s, with 2 states.
Iter 5. Adding 62991 extra transitions to final model helped : dF/|F| = 1.1932e-08, time : 0.25032 s.
Iter 5. Finished greedy search in 4.4463 s, with 2 states.
Iter 4. Adding 63058 extra transitions to final model helped : dF/|F| = 1.236e-08, time : 0.25823 s.
Iter 4. Finished greedy search in 3.1137 s, with 2 states.
Iter 3. Adding 63057 extra transitions to final model helped : dF/|F| = 1.1945e-08, time : 0.23626 s.
Iter 3. Finished greedy search in 3.7655 s, with 2 states.
Iter 2. Adding 63054 extra transitions to final model helped : dF/|F| = 9.8743e-09, time : 0.24686 s.
Iter 2. Finished greedy search in 4.1964 s, with 2 states.
Iter 1. Adding 63057 extra transitions to final model helped : dF/|F| = 1.2019e-08, time : 0.24107 s.
Iter 1. Finished greedy search in 4.5141 s, with 2 states.
Sorting and regenerating best model and estimates
 N     it   dF/|F|   d<p>/p   p 
02     2  3.18e-09 2.26e-04  M.c , F : 2.515e+06 
Converged normally after 2 iterations, relTolF = 1e-08, tolPar = 0.01, (M.c limiting). 
 N     it   dF/|F|   d<p>/p   p 
01     2  0.00e+00 0.00e+00  M.wPi , F : 2.353e+06 
Converged normally after 2 iterations, relTolF = 1e-08, tolPar = 0.01, (M.wPi limiting). 
Best model size: 2, from iteration 2.
Saving .\tag_01_HMManalysis_hidden2.mat after 1.881 min.
Read options structure based on runinput file C:\Users\mike\Documents\GitHub\binder-tag\initial_review\CAtagSrc_vs_Binder_analysis\20201212\diffusional_dynamics\runinput_files\runinput_20201215_tag_01_hidden_2.m
Read options structure based on runinput file C:\Users\mike\Documents\GitHub\binder-tag\initial_review\CAtagSrc_vs_Binder_analysis\20201212\diffusional_dynamics\runinput_files\runinput_20201215_tag_01_hidden_2.m
jobID: Data from tag_01.mat :: vbspt_tracks :: 20201215
Starting bootstrapping...
----------
bootstrap : 100 resampling in 112.3226 s.
Bootstrapping the 1 state model of 2.
bootstrap : 100 resampling in 40.8512 s.
Bootstrapping the 2 state model of 2.
Finished C:\Users\mike\Documents\GitHub\binder-tag\initial_review\CAtagSrc_vs_Binder_analysis\20201212\diffusional_dynamics\runinput_files\runinput_20201215_tag_01_hidden_2.m bootstrapping in 2.6342 min.
15-Dec-2020 21:42:24 : Finished C:\Users\mike\Documents\GitHub\binder-tag\initial_review\CAtagSrc_vs_Binder_analysis\20201212\diffusional_dynamics\runinput_files\runinput_20201215_tag_01_hidden_2.m. Total run time 4.6345 min.
